Using pre-set license

 COMMAND LINE ARGUMENTS:
/Applications/Unity/Hub/Editor/2020.3.2f1/Unity.app/Contents/MacOS/Unity
-adb2
-batchMode
-noUpm
-name
AssetImportWorker0
-projectPath
/Users/rnsh/Documents/Group-16/Code/Look
-logFile
Logs/AssetImportWorker0.log
-srvPort
52263
Successfully changed project path to: /Users/rnsh/Documents/Group-16/Code/Look
/Users/rnsh/Documents/Group-16/Code/Look
Using Asset Import Pipeline V2.
Refreshing native plugins compatible for Editor in 38.11 ms, found 1 plugins.
Preloading 0 native plugins for Editor in 0.00 ms.
Initialize engine version: 2020.3.2f1 (8fd9074bf66c)
[Subsystems] Discovering subsystems at path /Applications/Unity/Hub/Editor/2020.3.2f1/Unity.app/Contents/Resources/UnitySubsystems
[Subsystems] Discovering subsystems at path /Users/rnsh/Documents/Group-16/Code/Look/Assets
GfxDevice: creating device client; threaded=0
2021-04-06 21:50:25.307 Unity[3745:110983] Display preferred device: Intel(R) UHD Graphics 617 (low power)
2021-04-06 21:50:25.307 Unity[3745:110983] Metal devices available: 1
2021-04-06 21:50:25.307 Unity[3745:110983] 0: Intel(R) UHD Graphics 617 (low power)
2021-04-06 21:50:25.308 Unity[3745:110983] Using device Intel(R) UHD Graphics 617 (low power)
Initializing Metal device caps: Intel(R) UHD Graphics 617
Initialize mono
Mono path[0] = '/Applications/Unity/Hub/Editor/2020.3.2f1/Unity.app/Contents/Managed'
Mono path[1] = '/Applications/Unity/Hub/Editor/2020.3.2f1/Unity.app/Contents/MonoBleedingEdge/lib/mono/unityjit'
Mono config path = '/Applications/Unity/Hub/Editor/2020.3.2f1/Unity.app/Contents/MonoBleedingEdge/etc'
Using monoOptions --debugger-agent=transport=dt_socket,embedding=1,server=y,suspend=n,address=127.0.0.1:56745
Begin MonoManager ReloadAssembly
Registering precompiled unity dll's ...
Register platform support module: /Applications/Unity/Hub/Editor/2020.3.2f1/Unity.app/Contents/PlaybackEngines/MacStandaloneSupport/UnityEditor.OSXStandalone.Extensions.dll
Registered in 0.001344 seconds.
Native extension for OSXStandalone target not found
Refreshing native plugins compatible for Editor in 43.02 ms, found 1 plugins.
Preloading 0 native plugins for Editor in 0.00 ms.
Invoked RoslynAnalysisRunner static constructor.
RoslynAnalysisRunner will not be running.
RoslynAnalysisRunner has terminated.
Mono: successfully reloaded assembly
- Completed reload, in  3.805 seconds
Platform modules already initialized, skipping
Registering precompiled user dll's ...
Registered in 0.000481 seconds.
Begin MonoManager ReloadAssembly
Native extension for OSXStandalone target not found
Refreshing native plugins compatible for Editor in 0.27 ms, found 1 plugins.
Preloading 0 native plugins for Editor in 0.00 ms.
Invoked RoslynAnalysisRunner static constructor.
RoslynAnalysisRunner will not be running.
RoslynAnalysisRunner has terminated.
Mono: successfully reloaded assembly
- Completed reload, in  1.718 seconds
Platform modules already initialized, skipping
========================================================================
Worker process is ready to serve import requests
Launching external process: /Applications/Unity/Hub/Editor/2020.3.2f1/Unity.app/Contents/Tools/UnityShaderCompiler
Launched and connected shader compiler UnityShaderCompiler after 0.02 seconds
Refreshing native plugins compatible for Editor in 0.38 ms, found 1 plugins.
Preloading 0 native plugins for Editor in 0.00 ms.
Unloading 1130 Unused Serialized files (Serialized files now loaded: 0)
System memory in use before: 113.8 MB.
System memory in use after: 113.8 MB.

Unloading 10 unused Assets to reduce memory usage. Loaded Objects now: 1572.
Total: 3.452318 ms (FindLiveObjects: 0.429154 ms CreateObjectMapping: 0.105842 ms MarkObjects: 2.781426 ms  DeleteObjects: 0.133863 ms)

========================================================================
Received Import Request.
  path: Assets/Scripts/ChangeSceneButton.cs
  artifactKey: Guid(03bde2217b7024e14a09336b14e7421e) Importer(815301076,1909f56bfc062723c751e8b465ee728b)
Start importing Assets/Scripts/ChangeSceneButton.cs using Guid(03bde2217b7024e14a09336b14e7421e) Importer(815301076,1909f56bfc062723c751e8b465ee728b)  -> (artifact id: 'e69ef5b8a0bdc84ab52476caba6a6467') in 0.618336 seconds
  Import took 0.621138 seconds .

========================================================================
Received Prepare
Registering precompiled user dll's ...
Registered in 0.000478 seconds.
Begin MonoManager ReloadAssembly
Native extension for OSXStandalone target not found
Refreshing native plugins compatible for Editor in 0.31 ms, found 1 plugins.
Preloading 0 native plugins for Editor in 0.00 ms.
Invoked RoslynAnalysisRunner static constructor.
RoslynAnalysisRunner will not be running.
RoslynAnalysisRunner has terminated.
Mono: successfully reloaded assembly
- Completed reload, in  1.243 seconds
Platform modules already initialized, skipping
Switching build target platform(2) subTarget(0) extendedPlatform(0) -> platform(13) subTarget(524288) extendedPlatform(0)
Refreshing native plugins compatible for Editor in 0.36 ms, found 1 plugins.
Preloading 0 native plugins for Editor in 0.00 ms.
Unloading 1115 Unused Serialized files (Serialized files now loaded: 0)
System memory in use before: 116.0 MB.
System memory in use after: 116.1 MB.

Unloading 5 unused Assets to reduce memory usage. Loaded Objects now: 1575.
Total: 1.852507 ms (FindLiveObjects: 0.200836 ms CreateObjectMapping: 0.044445 ms MarkObjects: 1.554314 ms  DeleteObjects: 0.051405 ms)

AssetImportParameters requested are different than current active one (requested -> active):
  custom:graphics/normal-map-encoding: 01000000000000000000000000000000 -> 02000000000000000000000000000000
========================================================================
Received Prepare
Registering precompiled user dll's ...
Registered in 0.000572 seconds.
Begin MonoManager ReloadAssembly
Native extension for OSXStandalone target not found
Refreshing native plugins compatible for Editor in 0.38 ms, found 1 plugins.
Preloading 0 native plugins for Editor in 0.00 ms.
Invoked RoslynAnalysisRunner static constructor.
RoslynAnalysisRunner will not be running.
RoslynAnalysisRunner has terminated.
Mono: successfully reloaded assembly
- Completed reload, in  1.505 seconds
Platform modules already initialized, skipping
Switching build target platform(2) subTarget(0) extendedPlatform(0) -> platform(13) subTarget(524288) extendedPlatform(0)
Refreshing native plugins compatible for Editor in 0.24 ms, found 1 plugins.
Preloading 0 native plugins for Editor in 0.00 ms.
Unloading 1115 Unused Serialized files (Serialized files now loaded: 0)
System memory in use before: 116.3 MB.
System memory in use after: 116.3 MB.

Unloading 5 unused Assets to reduce memory usage. Loaded Objects now: 1578.
Total: 2.744692 ms (FindLiveObjects: 0.317300 ms CreateObjectMapping: 0.092195 ms MarkObjects: 2.271757 ms  DeleteObjects: 0.060152 ms)

AssetImportParameters requested are different than current active one (requested -> active):
  custom:graphics/normal-map-encoding: 01000000000000000000000000000000 -> 02000000000000000000000000000000
========================================================================
Received Prepare
Refreshing native plugins compatible for Editor in 0.75 ms, found 1 plugins.
Preloading 0 native plugins for Editor in 0.00 ms.
Unloading 3 Unused Serialized files (Serialized files now loaded: 0)
System memory in use before: 95.2 MB.
System memory in use after: 95.3 MB.

Unloading 3 unused Assets to reduce memory usage. Loaded Objects now: 1578.
Total: 1.911912 ms (FindLiveObjects: 0.179556 ms CreateObjectMapping: 0.045116 ms MarkObjects: 1.622389 ms  DeleteObjects: 0.063070 ms)

========================================================================
Received Import Request.
  Time since last request: 529.447456 seconds.
  path: Assets/Scripts/ChangeSceneButton.cs
  artifactKey: Guid(03bde2217b7024e14a09336b14e7421e) Importer(815301076,1909f56bfc062723c751e8b465ee728b)
Start importing Assets/Scripts/ChangeSceneButton.cs using Guid(03bde2217b7024e14a09336b14e7421e) Importer(815301076,1909f56bfc062723c751e8b465ee728b)  -> (artifact id: '18390b17dce2d47ae3b1c527e38d28a0') in 0.007602 seconds
  Import took 0.011768 seconds .

========================================================================
Received Import Request.
  Time since last request: 0.000813 seconds.
  path: Assets/Scripts/ChangeSceneButton.cs
  artifactKey: Guid(03bde2217b7024e14a09336b14e7421e) Importer(815301076,1909f56bfc062723c751e8b465ee728b)
Start importing Assets/Scripts/ChangeSceneButton.cs using Guid(03bde2217b7024e14a09336b14e7421e) Importer(815301076,1909f56bfc062723c751e8b465ee728b)  -> (artifact id: '18390b17dce2d47ae3b1c527e38d28a0') in 0.005741 seconds
  Import took 0.010572 seconds .

